<?xml version="1.0" encoding="UTF-8"?>
<!-- Generated by org.testng.reporters.JUnitReportReporter -->
<testsuite hostname="LAPTOP-0CAQ7L1O" failures="0" tests="3" name="zerodhaLoginTest" time="11.407" errors="0" timestamp="2022-09-22T16:40:32 IST" skipped="0">
  <testcase classname="zerodhaLoginTest" name="LoginwithcorrectCredentials" time="3.023"/>
  <system-out/>
  <testcase classname="zerodhaLoginTest" name="SignUpForNewUser" time="5.127"/>
  <system-out/>
  <testcase classname="zerodhaLoginTest" name="ForgotId" time="3.257"/>
  <system-out/>
</testsuite> <!-- zerodhaLoginTest -->
